Determining if the pthread_create exist failed with the following output:
Change Dir: /home/hscore/src/CMakeFiles/CMakeTmp

Run Build Command:/usr/bin/make "cmTryCompileExec514514953/fast"
/usr/bin/make -f CMakeFiles/cmTryCompileExec514514953.dir/build.make CMakeFiles/cmTryCompileExec514514953.dir/build
make[1]: Entering directory `/home/hscore/src/CMakeFiles/CMakeTmp'
/usr/bin/cmake -E cmake_progress_report /home/hscore/src/CMakeFiles/CMakeTmp/CMakeFiles 1
Building C object CMakeFiles/cmTryCompileExec514514953.dir/CheckSymbolExists.c.o
/usr/bin/cc   -std=gnu99    -o CMakeFiles/cmTryCompileExec514514953.dir/CheckSymbolExists.c.o   -c /home/hscore/src/CMakeFiles/CMakeTmp/CheckSymbolExists.c
Linking C executable cmTryCompileExec514514953
/usr/bin/cmake -E cmake_link_script CMakeFiles/cmTryCompileExec514514953.dir/link.txt --verbose=1
/usr/bin/cc   -std=gnu99     CMakeFiles/cmTryCompileExec514514953.dir/CheckSymbolExists.c.o  -o cmTryCompileExec514514953 -rdynamic 
CMakeFiles/cmTryCompileExec514514953.dir/CheckSymbolExists.c.o: In function `main':
CheckSymbolExists.c:(.text+0x16): undefined reference to `pthread_create'
collect2: error: ld returned 1 exit status
make[1]: *** [cmTryCompileExec514514953] Error 1
make[1]: Leaving directory `/home/hscore/src/CMakeFiles/CMakeTmp'
make: *** [cmTryCompileExec514514953/fast] Error 2

File /home/hscore/src/CMakeFiles/CMakeTmp/CheckSymbolExists.c:
/* */
#include <pthread.h>

int main(int argc, char** argv)
{
  (void)argv;
#ifndef pthread_create
  return ((int*)(&pthread_create))[argc];
#else
  (void)argc;
  return 0;
#endif
}

Determining if the function pthread_create exists in the pthreads failed with the following output:
Change Dir: /home/hscore/src/CMakeFiles/CMakeTmp

Run Build Command:/usr/bin/make "cmTryCompileExec2133248876/fast"
/usr/bin/make -f CMakeFiles/cmTryCompileExec2133248876.dir/build.make CMakeFiles/cmTryCompileExec2133248876.dir/build
make[1]: Entering directory `/home/hscore/src/CMakeFiles/CMakeTmp'
/usr/bin/cmake -E cmake_progress_report /home/hscore/src/CMakeFiles/CMakeTmp/CMakeFiles 1
Building C object CMakeFiles/cmTryCompileExec2133248876.dir/CheckFunctionExists.c.o
/usr/bin/cc   -std=gnu99 -DCHECK_FUNCTION_EXISTS=pthread_create   -o CMakeFiles/cmTryCompileExec2133248876.dir/CheckFunctionExists.c.o   -c /usr/share/cmake-2.8/Modules/CheckFunctionExists.c
Linking C executable cmTryCompileExec2133248876
/usr/bin/cmake -E cmake_link_script CMakeFiles/cmTryCompileExec2133248876.dir/link.txt --verbose=1
/usr/bin/cc   -std=gnu99 -DCHECK_FUNCTION_EXISTS=pthread_create    CMakeFiles/cmTryCompileExec2133248876.dir/CheckFunctionExists.c.o  -o cmTryCompileExec2133248876 -rdynamic -lpthreads 
/usr/bin/ld: cannot find -lpthreads
collect2: error: ld returned 1 exit status
make[1]: *** [cmTryCompileExec2133248876] Error 1
make[1]: Leaving directory `/home/hscore/src/CMakeFiles/CMakeTmp'
make: *** [cmTryCompileExec2133248876/fast] Error 2


